195;businessModel;release;01:01:49,788
1269119;businessModel;addOperacion;01:28:27,195
4131;businessModel;addOperacion;01:28:31,328
177;model;release;16:33:23,961
194;model;release;16:48:50,002
144;model;addOperacion;18:34:43,723
114;model;addOperacion;18:35:09,800
558;ClienteDAO;getClienteById;19:01:37,520
336;EspecieDAO;getEspecieById;19:01:37,863
147;MovimientoDAO;getMovimientosByOperacionId;19:01:38,010
265;ClienteDAO;getClienteById;19:01:38,336
1680;model;searchOperaciones;19:01:38,352
523;EspecieDAO;getEspecieById;19:01:39,239
254;ClienteDAO;getClienteById;19:01:39,560
1610;model;searchOperaciones;19:01:40,034
122;model;addOperacion;19:01:40,156
207;MovimientoDAO;getMovimientosByOperacionId;19:01:40,382
340;EspecieDAO;getEspecieById;19:01:40,738
262;ClienteDAO;getClienteById;19:01:41,239
2451;model;searchOperaciones;19:01:42,601
907;OperacionDAO;search;19:01:43,559
3073;model;searchOperaciones;19:01:45,674
192;model;release;00:52:11,297
198;model;release;00:55:19,442
