/*C1*/SET SCHEMA PUBLIC
CONNECT USER SA
SET AUTOCOMMIT FALSE
ALTER SEQUENCE SEQ_CLIENTES RESTART WITH 5
INSERT INTO CLIENTES VALUES(4,'1.0')
ALTER SEQUENCE SEQ_OPERACIONES RESTART WITH 8
ALTER SEQUENCE SEQ_OPERACION_NUMERO RESTART WITH 8
INSERT INTO OPERACIONES VALUES(7,7,'2016-06-12','2016-01-10','ALTA','MONEDA',0,4,3,NULL,-826.0E0,-11.465E0,NULL,NULL)
ALTER SEQUENCE SEQ_MOVIMIENTOS RESTART WITH 13
INSERT INTO MOVIMIENTOS VALUES(12,7,4,3,0,-11.465E0,NULL,'ORIGINAL',FALSE,'2016-06-12',NULL,NULL)
DELETE FROM MOVIMIENTOS WHERE ID=12
INSERT INTO MOVIMIENTOS VALUES(12,7,4,3,0,-11.465E0,NULL,'ORIGINAL',TRUE,'2016-06-12','2016-06-12',0)
DELETE FROM ESPECIES WHERE ID=3
INSERT INTO ESPECIES VALUES(3,'AY24',12.0E0,2321.465E0,9242.0E0,FALSE)
COMMIT
ALTER SEQUENCE SEQ_CLIENTES RESTART WITH 6
INSERT INTO CLIENTES VALUES(5,'2.0')
ALTER SEQUENCE SEQ_ESPECIES RESTART WITH 6
INSERT INTO ESPECIES VALUES(5,'AY25',1.0E0,0.0E0,0.0E0,FALSE)
ALTER SEQUENCE SEQ_OPERACIONES RESTART WITH 9
ALTER SEQUENCE SEQ_OPERACION_NUMERO RESTART WITH 9
INSERT INTO OPERACIONES VALUES(8,8,'2016-06-12','2017-01-10','ALTA','MONEDA',0,5,5,NULL,1333.0E0,-11.465E0,NULL,NULL)
ALTER SEQUENCE SEQ_MOVIMIENTOS RESTART WITH 14
INSERT INTO MOVIMIENTOS VALUES(13,8,5,5,0,-11.465E0,NULL,'ORIGINAL',FALSE,'2016-06-12',NULL,NULL)
DELETE FROM MOVIMIENTOS WHERE ID=13
INSERT INTO MOVIMIENTOS VALUES(13,8,5,5,0,-11.465E0,NULL,'ORIGINAL',TRUE,'2016-06-12','2016-06-12',0)
DELETE FROM ESPECIES WHERE ID=5
INSERT INTO ESPECIES VALUES(5,'AY25',1.0E0,11.465E0,0.0E0,FALSE)
COMMIT
ALTER SEQUENCE SEQ_CLIENTES RESTART WITH 7
INSERT INTO CLIENTES VALUES(6,'3.0')
ALTER SEQUENCE SEQ_ESPECIES RESTART WITH 7
INSERT INTO ESPECIES VALUES(6,'AY26',1.0E0,0.0E0,0.0E0,FALSE)
ALTER SEQUENCE SEQ_OPERACIONES RESTART WITH 10
ALTER SEQUENCE SEQ_OPERACION_NUMERO RESTART WITH 10
INSERT INTO OPERACIONES VALUES(9,9,'2016-06-12','2018-01-10','ALTA','MONEDA',0,6,6,NULL,1333.0E0,-11.465E0,NULL,NULL)
ALTER SEQUENCE SEQ_MOVIMIENTOS RESTART WITH 15
INSERT INTO MOVIMIENTOS VALUES(14,9,6,6,0,-11.465E0,NULL,'ORIGINAL',FALSE,'2016-06-12',NULL,NULL)
DELETE FROM MOVIMIENTOS WHERE ID=14
INSERT INTO MOVIMIENTOS VALUES(14,9,6,6,0,-11.465E0,NULL,'ORIGINAL',TRUE,'2016-06-12','2016-06-12',0)
DELETE FROM ESPECIES WHERE ID=6
INSERT INTO ESPECIES VALUES(6,'AY26',1.0E0,11.465E0,0.0E0,FALSE)
COMMIT
